<?xml version="1.0" encoding="UTF-8"?>
<!-- Generated by org.testng.reporters.JUnitReportReporter -->
<testsuite hostname="IN-DQKC043" failures="0" tests="3" name="btipackage.NonBTIAccess_BTI6" time="29.676" errors="0" timestamp="03 Jun 2024 08:15:57 GMT" skipped="0">
  <testcase classname="btipackage.NonBTIAccess_BTI6" name="Testlogin" time="6.482"/>
  <testcase classname="btipackage.NonBTIAccess_BTI6" name="BTI" time="12.948"/>
  <testcase classname="btipackage.NonBTIAccess_BTI6" name="BTIDisplayed" time="10.246"/>
</testsuite> <!-- btipackage.NonBTIAccess_BTI6 -->
