<?xml version="1.0" encoding="UTF-8"?>
<!-- Generated by org.testng.reporters.JUnitReportReporter -->
<testsuite hostname="IN-DQKC043" failures="0" tests="3" name="btipackage.NonBTIAccess_BTI5" time="28.624" errors="0" timestamp="03 Jul 2024 08:45:04 GMT" skipped="0">
  <testcase classname="btipackage.NonBTIAccess_BTI5" name="Testlogin" time="7.527"/>
  <testcase classname="btipackage.NonBTIAccess_BTI5" name="BTI" time="20.409"/>
  <testcase classname="btipackage.NonBTIAccess_BTI5" name="BTIDisplayed" time="0.688"/>
</testsuite> <!-- btipackage.NonBTIAccess_BTI5 -->
