<?xml version="1.0" encoding="UTF-8"?>
<!-- Generated by org.testng.reporters.JUnitReportReporter -->
<testsuite hostname="IN-DQKC043" failures="0" tests="4" name="btipackage.StrengthAndOpportunities" time="131.132" errors="0" timestamp="24 Sep 2024 05:58:24 GMT" skipped="0">
  <testcase classname="btipackage.StrengthAndOpportunities" name="Testlogin" time="6.460"/>
  <testcase classname="btipackage.StrengthAndOpportunities" name="switchProgram" time="115.862"/>
  <testcase classname="btipackage.StrengthAndOpportunities" name="SelectTeam" time="5.287"/>
  <testcase classname="btipackage.StrengthAndOpportunities" name="checkRadioButton" time="3.523"/>
</testsuite> <!-- btipackage.StrengthAndOpportunities -->
