<?xml version="1.0" encoding="UTF-8"?>
<!-- Generated by org.testng.reporters.JUnitReportReporter -->
<testsuite hostname="IN-DQKC043" failures="0" tests="2" name="btipackage.BTI65_ViewGuideForSmallerTeams" time="17.721" errors="0" timestamp="25 Jun 2024 09:45:28 GMT" skipped="0">
  <testcase classname="btipackage.BTI65_ViewGuideForSmallerTeams" name="Testlogin" time="6.754"/>
  <testcase classname="btipackage.BTI65_ViewGuideForSmallerTeams" name="checkViewGuideForSmallerTeams" time="10.967"/>
</testsuite> <!-- btipackage.BTI65_ViewGuideForSmallerTeams -->
