<?xml version="1.0" encoding="UTF-8"?>
<!-- Generated by org.testng.reporters.JUnitReportReporter -->
<testsuite hostname="IN-DQKC043" failures="0" tests="1" name="btipackage.HelloWorld" time="7.070" errors="0" timestamp="2024-05-09T10:10:27 IST" skipped="0">
  <testcase classname="btipackage.HelloWorld" name="open" time="7.070"/>
</testsuite> <!-- btipackage.HelloWorld -->
