<?xml version="1.0" encoding="UTF-8"?>
<!-- Generated by org.testng.reporters.JUnitReportReporter -->
<testsuite hostname="IN-DQKC043" failures="0" tests="3" name="btipackage.checkGraph" time="34.880" errors="0" timestamp="12 Jun 2024 08:09:58 GMT" skipped="0">
  <testcase classname="btipackage.checkGraph" name="Testlogin" time="6.914"/>
  <testcase classname="btipackage.checkGraph" name="switchProgram" time="22.184"/>
  <testcase classname="btipackage.checkGraph" name="checkGraph" time="5.782"/>
</testsuite> <!-- btipackage.checkGraph -->
