<?xml version="1.0" encoding="UTF-8"?>
<!-- Generated by org.testng.reporters.JUnitReportReporter -->
<testsuite hostname="IN-DQKC043" failures="0" tests="2" name="btipackage.OneSummaryReport" time="22.166" errors="0" timestamp="12 Jun 2024 08:04:51 GMT" skipped="0">
  <testcase classname="btipackage.OneSummaryReport" name="Testlogin" time="6.166"/>
  <testcase classname="btipackage.OneSummaryReport" name="checkViewButton" time="16.000"/>
</testsuite> <!-- btipackage.OneSummaryReport -->
