<?xml version="1.0" encoding="UTF-8"?>
<!-- Generated by org.testng.reporters.JUnitReportReporter -->
<testsuite hostname="IN-DQKC043" failures="0" tests="5" name="btipackage.ExportBTI" time="42.656" errors="0" timestamp="08 Jul 2024 16:58:23 GMT" skipped="0">
  <testcase classname="btipackage.ExportBTI" name="Testlogin" time="7.429"/>
  <testcase classname="btipackage.ExportBTI" name="switchProgram" time="30.658"/>
  <testcase classname="btipackage.ExportBTI" name="Managerdropdown" time="3.755"/>
  <testcase classname="btipackage.ExportBTI" name="ViewResults" time="0.142"/>
  <testcase classname="btipackage.ExportBTI" name="Export" time="0.672"/>
</testsuite> <!-- btipackage.ExportBTI -->
