<?xml version="1.0" encoding="UTF-8"?>
<!-- Generated by org.testng.reporters.JUnitReportReporter -->
<testsuite hostname="IN-DQKC043" failures="0" tests="3" name="btipackage.SortScoresTest_Grouped" time="26.545" errors="0" timestamp="18 Nov 2024 11:26:03 GMT" skipped="0">
  <testcase classname="btipackage.SortScoresTest_Grouped" name="Testlogin" time="5.760"/>
  <testcase classname="btipackage.SortScoresTest_Grouped" name="switchProgram" time="15.523"/>
  <testcase classname="btipackage.SortScoresTest_Grouped" name="SelectTeam" time="5.262"/>
</testsuite> <!-- btipackage.SortScoresTest_Grouped -->
