<?xml version="1.0" encoding="UTF-8"?>
<!-- Generated by org.testng.reporters.JUnitReportReporter -->
<testsuite hostname="IN-DQKC043" failures="0" tests="4" name="btipackage.checkListView" time="146.247" errors="0" timestamp="02 Jul 2024 15:54:14 GMT" skipped="0">
  <testcase classname="btipackage.checkListView" name="Testlogin" time="7.508"/>
  <testcase classname="btipackage.checkListView" name="switchProgram" time="130.594"/>
  <testcase classname="btipackage.checkListView" name="checkGridView" time="6.509"/>
  <testcase classname="btipackage.checkListView" name="TakeAction" time="1.636"/>
</testsuite> <!-- btipackage.checkListView -->
