<?xml version="1.0" encoding="UTF-8"?>
<!-- Generated by org.testng.reporters.JUnitReportReporter -->
<testsuite hostname="IN-DQKC043" failures="0" tests="5" name="btipackage.Manager_Concierge_Status" time="165.613" errors="0" timestamp="23 Aug 2024 17:08:57 GMT" skipped="0">
  <testcase classname="btipackage.Manager_Concierge_Status" name="Testlogin" time="6.313"/>
  <testcase classname="btipackage.Manager_Concierge_Status" name="switchProgram" time="132.974"/>
  <testcase classname="btipackage.Manager_Concierge_Status" name="checkStatus" time="4.232"/>
  <testcase classname="btipackage.Manager_Concierge_Status" name="PeopleGoalCreationPage" time="0.231"/>
  <testcase classname="btipackage.Manager_Concierge_Status" name="ConversationKit" time="21.863"/>
</testsuite> <!-- btipackage.Manager_Concierge_Status -->
